--------------------------------------------------------------------------------
Release 14.7 Trace  (nt)
Copyright (c) 1995-2013 Xilinx, Inc.  All rights reserved.

C:\Xilinx\14.7\ISE_DS\ISE\bin\nt\unwrapped\trce.exe -intstyle ise -v 3 -s 5 -n
3 -fastpaths -xml collatz_top.twx collatz_top.ncd -o collatz_top.twr
collatz_top.pcf -ucf board.ucf

Design file:              collatz_top.ncd
Physical constraint file: collatz_top.pcf
Device,package,speed:     xc3s100e,cp132,-5 (PRODUCTION 1.27 2013-10-13)
Report level:             verbose report

Environment Variable      Effect 
--------------------      ------ 
NONE                      No environment variables were set
--------------------------------------------------------------------------------

INFO:Timing:2698 - No timing constraints found, doing default enumeration.
INFO:Timing:3412 - To improve timing, see the Timing Closure User Guide (UG612).
INFO:Timing:2752 - To get complete path coverage, use the unconstrained paths 
   option. All paths that are not constrained will be reported in the 
   unconstrained paths section(s) of the report.
INFO:Timing:3339 - The clock-to-out numbers in this timing report are based on 
   a 50 Ohm transmission line loading model.  For the details of this model, 
   and for more information on accounting for different loading conditions, 
   please see the device datasheet.
INFO:Timing:3390 - This architecture does not support a default System Jitter 
   value, please add SYSTEM_JITTER constraint to the UCF to modify the Clock 
   Uncertainty calculation.
INFO:Timing:3389 - This architecture does not support 'Discrete Jitter' and 
   'Phase Error' calculations, these terms will be zero in the Clock 
   Uncertainty calculation.  Please make appropriate modification to 
   SYSTEM_JITTER to account for the unsupported Discrete Jitter and Phase 
   Error.



Data Sheet report:
-----------------
All values displayed in nanoseconds (ns)

Clock CLK1 to Pad
------------+------------+------------------+--------+
            | clk (edge) |                  | Clock  |
Destination |   to PAD   |Internal Clock(s) | Phase  |
------------+------------+------------------+--------+
an<0>       |    8.742(R)|CLK1_BUFGP        |   0.000|
an<1>       |    8.697(R)|CLK1_BUFGP        |   0.000|
an<2>       |    9.346(R)|CLK1_BUFGP        |   0.000|
an<3>       |    9.569(R)|CLK1_BUFGP        |   0.000|
seg<0>      |   25.923(R)|CLK1_BUFGP        |   0.000|
seg<1>      |   26.260(R)|CLK1_BUFGP        |   0.000|
seg<2>      |   26.515(R)|CLK1_BUFGP        |   0.000|
seg<3>      |   25.897(R)|CLK1_BUFGP        |   0.000|
seg<4>      |   26.542(R)|CLK1_BUFGP        |   0.000|
seg<5>      |   25.925(R)|CLK1_BUFGP        |   0.000|
seg<6>      |   26.169(R)|CLK1_BUFGP        |   0.000|
------------+------------+------------------+--------+

Clock to Setup on destination clock CLK1
---------------+---------+---------+---------+---------+
               | Src:Rise| Src:Fall| Src:Rise| Src:Fall|
Source Clock   |Dest:Rise|Dest:Rise|Dest:Fall|Dest:Fall|
---------------+---------+---------+---------+---------+
CLK1           |    5.880|         |         |         |
---------------+---------+---------+---------+---------+


Analysis completed Mon Mar 03 21:48:34 2014 
--------------------------------------------------------------------------------

Trace Settings:
-------------------------
Trace Settings 

Peak Memory Usage: 91 MB



