Release 14.7 - xst P.20131013 (nt)
Copyright (c) 1995-2013 Xilinx, Inc.  All rights reserved.
--> Parameter TMPDIR set to xst/projnav.tmp


Total REAL time to Xst completion: 0.00 secs
Total CPU time to Xst completion: 0.16 secs
 
--> Parameter xsthdpdir set to xst


Total REAL time to Xst completion: 0.00 secs
Total CPU time to Xst completion: 0.16 secs
 
--> Reading design: collatz_top.prj

TABLE OF CONTENTS
  1) Synthesis Options Summary
  2) HDL Compilation
  3) Design Hierarchy Analysis
  4) HDL Analysis
  5) HDL Synthesis
     5.1) HDL Synthesis Report
  6) Advanced HDL Synthesis
     6.1) Advanced HDL Synthesis Report
  7) Low Level Synthesis
  8) Partition Report
  9) Final Report
	9.1) Device utilization summary
	9.2) Partition Resource Summary
	9.3) TIMING REPORT


=========================================================================
*                      Synthesis Options Summary                        *
=========================================================================
---- Source Parameters
Input File Name                    : "collatz_top.prj"
Input Format                       : mixed
Ignore Synthesis Constraint File   : NO

---- Target Parameters
Output File Name                   : "collatz_top"
Output Format                      : NGC
Target Device                      : xc3s100e-5-cp132

---- Source Options
Top Module Name                    : collatz_top
Automatic FSM Extraction           : YES
FSM Encoding Algorithm             : Auto
Safe Implementation                : No
FSM Style                          : LUT
RAM Extraction                     : Yes
RAM Style                          : Auto
ROM Extraction                     : Yes
Mux Style                          : Auto
Decoder Extraction                 : YES
Priority Encoder Extraction        : Yes
Shift Register Extraction          : YES
Logical Shifter Extraction         : YES
XOR Collapsing                     : YES
ROM Style                          : Auto
Mux Extraction                     : Yes
Resource Sharing                   : YES
Asynchronous To Synchronous        : NO
Multiplier Style                   : Auto
Automatic Register Balancing       : No

---- Target Options
Add IO Buffers                     : YES
Global Maximum Fanout              : 100000
Add Generic Clock Buffer(BUFG)     : 24
Register Duplication               : YES
Slice Packing                      : YES
Optimize Instantiated Primitives   : NO
Use Clock Enable                   : Yes
Use Synchronous Set                : Yes
Use Synchronous Reset              : Yes
Pack IO Registers into IOBs        : Auto
Equivalent register Removal        : YES

---- General Options
Optimization Goal                  : Speed
Optimization Effort                : 1
Keep Hierarchy                     : No
Netlist Hierarchy                  : As_Optimized
RTL Output                         : Yes
Global Optimization                : AllClockNets
Read Cores                         : YES
Write Timing Constraints           : NO
Cross Clock Analysis               : NO
Hierarchy Separator                : /
Bus Delimiter                      : <>
Case Specifier                     : Maintain
Slice Utilization Ratio            : 100
BRAM Utilization Ratio             : 100
Verilog 2001                       : YES
Auto BRAM Packing                  : NO
Slice Utilization Ratio Delta      : 5

=========================================================================


=========================================================================
*                          HDL Compilation                              *
=========================================================================
Compiling verilog file "one_second.v" in library work
Module <mod_counter> compiled
Compiling verilog file "display.v" in library work
Module <one_second> compiled
Module <counter> compiled
Module <hex2_7seg_lut> compiled
Module <decoder> compiled
Compiling verilog file "bin2bcd.v" in library work
Module <display> compiled
Module <add3> compiled
Compiling verilog file "collatz_top.v" in library work
Module <bin2bcd> compiled
Module <collatz> compiled
Module <collatz_top> compiled
No errors in compilation
Analysis of file <"collatz_top.prj"> succeeded.
 

=========================================================================
*                     Design Hierarchy Analysis                         *
=========================================================================
Analyzing hierarchy for module <collatz_top> in library <work> with parameters.
	CL = "00000000000000000000000000000110"
	H = "00000000000000000000000000001110"
	N = "00000000000000000000000000000111"
	S = "00000000000000000000000000001000"
	W = "00000000000000000000000000000100"

Analyzing hierarchy for module <one_second> in library <work> with parameters.
	C = "00000000000000000000000000011010"
	CRYSTAL = "00000000000000000000000000110010"
	NUM_SEC = "00000000000000000000000000000001"
	STOPAT = "10111110101111000001111111"

Analyzing hierarchy for module <counter> in library <work> with parameters.
	N = "00000000000000000000000000001000"

Analyzing hierarchy for module <collatz> in library <work> with parameters.
	C = "00000000000000000000000000001000"
	N = "00000000000000000000000000000110"
	O = "00000000000000000000000000001110"

Analyzing hierarchy for module <bin2bcd> in library <work> with parameters.
	C = "00000000000000000000000000000100"
	N = "00000000000000000000000000001110"

Analyzing hierarchy for module <display> in library <work> with parameters.
	ANODE_FREQ = "00000000000000000000000000010011"
	C = "00000000000000000000000000011010"
	N = "00000000000000000000000000000111"
	S = "00000000000000000000000000000010"
	W = "00000000000000000000000000000100"

Analyzing hierarchy for module <mod_counter> in library <work> with parameters.
	MAX = "10111110101111000001111111"
	N = "00000000000000000000000000011010"

Analyzing hierarchy for module <add3> in library <work> with parameters.
	N = "00000000000000000000000000000100"

Analyzing hierarchy for module <counter> in library <work> with parameters.
	N = "00000000000000000000000000011010"

Analyzing hierarchy for module <decoder> in library <work>.

Analyzing hierarchy for module <hex2_7seg_lut> in library <work>.


=========================================================================
*                            HDL Analysis                               *
=========================================================================
Analyzing top module <collatz_top>.
	CL = 32'sb00000000000000000000000000000110
	H = 32'sb00000000000000000000000000001110
	N = 32'sb00000000000000000000000000000111
	S = 32'sb00000000000000000000000000001000
	W = 32'sb00000000000000000000000000000100
Module <collatz_top> is correct for synthesis.
 
Analyzing module <one_second> in library <work>.
	C = 32'sb00000000000000000000000000011010
	CRYSTAL = 32'sb00000000000000000000000000110010
	NUM_SEC = 32'sb00000000000000000000000000000001
	STOPAT = 26'b10111110101111000001111111
Module <one_second> is correct for synthesis.
 
Analyzing module <mod_counter> in library <work>.
	MAX = 26'b10111110101111000001111111
	N = 32'sb00000000000000000000000000011010
Module <mod_counter> is correct for synthesis.
 
Analyzing module <counter.1> in library <work>.
	N = 32'sb00000000000000000000000000001000
Module <counter.1> is correct for synthesis.
 
Analyzing module <collatz> in library <work>.
	C = 32'sb00000000000000000000000000001000
	N = 32'sb00000000000000000000000000000110
	O = 32'sb00000000000000000000000000001110
Module <collatz> is correct for synthesis.
 
Analyzing module <bin2bcd> in library <work>.
	C = 32'sb00000000000000000000000000000100
	N = 32'sb00000000000000000000000000001110
Module <bin2bcd> is correct for synthesis.
 
Analyzing module <add3> in library <work>.
	N = 32'sb00000000000000000000000000000100
Module <add3> is correct for synthesis.
 
Analyzing module <display> in library <work>.
	ANODE_FREQ = 32'sb00000000000000000000000000010011
	C = 32'sb00000000000000000000000000011010
	N = 32'sb00000000000000000000000000000111
	S = 32'sb00000000000000000000000000000010
	W = 32'sb00000000000000000000000000000100
Module <display> is correct for synthesis.
 
Analyzing module <counter.2> in library <work>.
	N = 32'sb00000000000000000000000000011010
Module <counter.2> is correct for synthesis.
 
Analyzing module <decoder> in library <work>.
Module <decoder> is correct for synthesis.
 
Analyzing module <hex2_7seg_lut> in library <work>.
Module <hex2_7seg_lut> is correct for synthesis.
 
    Set user-defined property "INIT =  2812" for instance <CA> in unit <hex2_7seg_lut>.
    Set user-defined property "INIT =  D860" for instance <CB> in unit <hex2_7seg_lut>.
    Set user-defined property "INIT =  D004" for instance <CC> in unit <hex2_7seg_lut>.
    Set user-defined property "INIT =  8492" for instance <CD> in unit <hex2_7seg_lut>.
    Set user-defined property "INIT =  02BA" for instance <CE> in unit <hex2_7seg_lut>.
    Set user-defined property "INIT =  208E" for instance <CF> in unit <hex2_7seg_lut>.
    Set user-defined property "INIT =  1083" for instance <CG> in unit <hex2_7seg_lut>.

=========================================================================
*                           HDL Synthesis                               *
=========================================================================

Performing bidirectional port resolution...

Synthesizing Unit <counter_1>.
    Related source file is "display.v".
    Found 8-bit up counter for signal <q>.
    Summary:
	inferred   1 Counter(s).
Unit <counter_1> synthesized.


Synthesizing Unit <collatz>.
    Related source file is "collatz_top.v".
WARNING:Xst:643 - "collatz_top.v" line 21: The result of a 14x2-bit multiplication is partially used. Only the 14 least significant bits are used. If you are doing this on purpose, you may safely ignore this warning. Otherwise, make sure you are not losing information, leading to unexpected circuit behavior.
    Found 14-bit register for signal <number>.
    Found 14-bit adder for signal <number$addsub0000> created at line 21.
    Found 14x2-bit multiplier for signal <number$mult0001> created at line 21.
    Summary:
	inferred   1 Adder/Subtractor(s).
	inferred   1 Multiplier(s).
Unit <collatz> synthesized.


Synthesizing Unit <mod_counter>.
    Related source file is "one_second.v".
    Found 26-bit up counter for signal <q>.
    Found 1-bit register for signal <done>.
    Summary:
	inferred   1 Counter(s).
	inferred   1 D-type flip-flop(s).
Unit <mod_counter> synthesized.


Synthesizing Unit <add3>.
    Related source file is "bin2bcd.v".
    Found 16x4-bit ROM for signal <out>.
    Summary:
	inferred   1 ROM(s).
Unit <add3> synthesized.


Synthesizing Unit <counter_2>.
    Related source file is "display.v".
    Found 26-bit up counter for signal <q>.
    Summary:
	inferred   1 Counter(s).
Unit <counter_2> synthesized.


Synthesizing Unit <decoder>.
    Related source file is "display.v".
    Found 4-bit 4-to-1 multiplexer for signal <val>.
    Found 1-of-4 decoder for signal <y>.
    Summary:
	inferred   4 Multiplexer(s).
	inferred   1 Decoder(s).
Unit <decoder> synthesized.


Synthesizing Unit <one_second>.
    Related source file is "one_second.v".
WARNING:Xst:646 - Signal <clock> is assigned but never used. This unconnected signal will be trimmed during the optimization process.
Unit <one_second> synthesized.


Synthesizing Unit <bin2bcd>.
    Related source file is "bin2bcd.v".
WARNING:Xst:646 - Signal <c26<3>> is assigned but never used. This unconnected signal will be trimmed during the optimization process.
WARNING:Xst:646 - Signal <c25<3>> is assigned but never used. This unconnected signal will be trimmed during the optimization process.
Unit <bin2bcd> synthesized.


Synthesizing Unit <hex2_7seg_lut>.
    Related source file is "display.v".
Unit <hex2_7seg_lut> synthesized.


Synthesizing Unit <display>.
    Related source file is "display.v".
WARNING:Xst:646 - Signal <q<25:20>> is assigned but never used. This unconnected signal will be trimmed during the optimization process.
WARNING:Xst:646 - Signal <q<17:0>> is assigned but never used. This unconnected signal will be trimmed during the optimization process.
Unit <display> synthesized.


Synthesizing Unit <collatz_top>.
    Related source file is "collatz_top.v".
WARNING:Xst:737 - Found 8-bit latch for signal <Led>. Latches may be generated from incomplete case or if statements. We do not recommend the use of latches in FPGA/CPLD designs, as they may lead to timing problems.
Unit <collatz_top> synthesized.


=========================================================================
HDL Synthesis Report

Macro Statistics
# ROMs                                                 : 26
 16x4-bit ROM                                          : 26
# Multipliers                                          : 1
 14x2-bit multiplier                                   : 1
# Adders/Subtractors                                   : 1
 14-bit adder                                          : 1
# Counters                                             : 3
 26-bit up counter                                     : 2
 8-bit up counter                                      : 1
# Registers                                            : 2
 1-bit register                                        : 1
 14-bit register                                       : 1
# Latches                                              : 1
 8-bit latch                                           : 1
# Multiplexers                                         : 1
 4-bit 4-to-1 multiplexer                              : 1
# Decoders                                             : 1
 1-of-4 decoder                                        : 1

=========================================================================

=========================================================================
*                       Advanced HDL Synthesis                          *
=========================================================================


=========================================================================
Advanced HDL Synthesis Report

Macro Statistics
# ROMs                                                 : 26
 16x4-bit ROM                                          : 26
# Multipliers                                          : 1
 14x2-bit multiplier                                   : 1
# Adders/Subtractors                                   : 1
 14-bit adder                                          : 1
# Counters                                             : 3
 26-bit up counter                                     : 2
 8-bit up counter                                      : 1
# Registers                                            : 15
 Flip-Flops                                            : 15
# Latches                                              : 1
 8-bit latch                                           : 1
# Multiplexers                                         : 1
 4-bit 4-to-1 multiplexer                              : 1
# Decoders                                             : 1
 1-of-4 decoder                                        : 1

=========================================================================

=========================================================================
*                         Low Level Synthesis                           *
=========================================================================
WARNING:Xst:2677 - Node <T/DISP_C/q_20> of sequential type is unconnected in block <collatz_top>.
WARNING:Xst:2677 - Node <T/DISP_C/q_21> of sequential type is unconnected in block <collatz_top>.
WARNING:Xst:2677 - Node <T/DISP_C/q_22> of sequential type is unconnected in block <collatz_top>.
WARNING:Xst:2677 - Node <T/DISP_C/q_23> of sequential type is unconnected in block <collatz_top>.
WARNING:Xst:2677 - Node <T/DISP_C/q_24> of sequential type is unconnected in block <collatz_top>.
WARNING:Xst:2677 - Node <T/DISP_C/q_25> of sequential type is unconnected in block <collatz_top>.

Optimizing unit <collatz_top> ...

Optimizing unit <bin2bcd> ...

Mapping all equations...
Building and optimizing final netlist ...
Found area constraint ratio of 100 (+ 5) on block collatz_top, actual ratio is 14.

Final Macro Processing ...

=========================================================================
Final Register Report

Macro Statistics
# Registers                                            : 69
 Flip-Flops                                            : 69

=========================================================================

=========================================================================
*                           Partition Report                            *
=========================================================================

Partition Implementation Status
-------------------------------

  No Partitions were found in this design.

-------------------------------

=========================================================================
*                            Final Report                               *
=========================================================================
Final Results
RTL Top Level Output File Name     : collatz_top.ngr
Top Level Output File Name         : collatz_top
Output Format                      : NGC
Optimization Goal                  : Speed
Keep Hierarchy                     : No

Design Statistics
# IOs                              : 21

Cell Usage :
# BELS                             : 414
#      GND                         : 1
#      INV                         : 4
#      LUT1                        : 63
#      LUT2                        : 47
#      LUT3                        : 24
#      LUT4                        : 106
#      MUXCY                       : 83
#      MUXF5                       : 4
#      VCC                         : 1
#      XORCY                       : 81
# FlipFlops/Latches                : 77
#      FDC                         : 47
#      FDCE                        : 20
#      FDPE                        : 2
#      LD                          : 8
# Clock Buffers                    : 1
#      BUFGP                       : 1
# IO Buffers                       : 20
#      IBUF                        : 1
#      OBUF                        : 19
=========================================================================

Device utilization summary:
---------------------------

Selected Device : 3s100ecp132-5 

 Number of Slices:                      133  out of    960    13%  
 Number of Slice Flip Flops:             69  out of   1920     3%  
 Number of 4 input LUTs:                244  out of   1920    12%  
 Number of IOs:                          21
 Number of bonded IOBs:                  21  out of     83    25%  
    IOB Flip Flops:                       8
 Number of GCLKs:                         1  out of     24     4%  

---------------------------
Partition Resource Summary:
---------------------------

  No Partitions were found in this design.

---------------------------


=========================================================================
TIMING REPORT

NOTE: THESE TIMING NUMBERS ARE ONLY A SYNTHESIS ESTIMATE.
      FOR ACCURATE TIMING INFORMATION PLEASE REFER TO THE TRACE REPORT
      GENERATED AFTER PLACE-and-ROUTE.

Clock Information:
------------------
-----------------------------------+------------------------+-------+
Clock Signal                       | Clock buffer(FF name)  | Load  |
-----------------------------------+------------------------+-------+
CLK1                               | BUFGP                  | 69    |
Led_not0001(Led_not000133:O)       | NONE(*)(Led_0)         | 8     |
-----------------------------------+------------------------+-------+
(*) This 1 clock signal(s) are generated by combinatorial logic,
and XST is not able to identify which are the primary clock signals.
Please use the CLOCK_SIGNAL constraint to specify the clock signal(s) generated by combinatorial logic.
INFO:Xst:2169 - HDL ADVISOR - Some clock signals were not automatically buffered by XST with BUFG/BUFR resources. Please use the buffer_type constraint in order to insert these buffers to the clock signals to help prevent skew problems.

Asynchronous Control Signals Information:
----------------------------------------
-----------------------------------+------------------------+-------+
Control Signal                     | Buffer(FF name)        | Load  |
-----------------------------------+------------------------+-------+
arst                               | IBUF                   | 69    |
-----------------------------------+------------------------+-------+

Timing Summary:
---------------
Speed Grade: -5

   Minimum period: 7.251ns (Maximum Frequency: 137.916MHz)
   Minimum input arrival time before clock: No path found
   Maximum output required time after clock: 19.457ns
   Maximum combinational path delay: No path found

Timing Detail:
--------------
All values displayed in nanoseconds (ns)

=========================================================================
Timing constraint: Default period analysis for Clock 'CLK1'
  Clock period: 7.251ns (frequency: 137.916MHz)
  Total number of paths / destination ports: 2832 / 91
-------------------------------------------------------------------------
Delay:               7.251ns (Levels of Logic = 17)
  Source:            CALC/number_0 (FF)
  Destination:       CALC/number_13 (FF)
  Source Clock:      CLK1 rising
  Destination Clock: CLK1 rising

  Data Path: CALC/number_0 to CALC/number_13
                                Gate     Net
    Cell:in->out      fanout   Delay   Delay  Logical Name (Net Name)
    ----------------------------------------  ------------
     FDCE:C->Q            18   0.514   0.977  CALC/number_0 (CALC/number_0)
     LUT2:I1->O            1   0.612   0.000  CALC/Mmult_number_mult0001_Madd_lut<1> (CALC/Mmult_number_mult0001_Madd_lut<1>)
     MUXCY:S->O            1   0.404   0.000  CALC/Mmult_number_mult0001_Madd_cy<1> (CALC/Mmult_number_mult0001_Madd_cy<1>)
     MUXCY:CI->O           1   0.051   0.000  CALC/Mmult_number_mult0001_Madd_cy<2> (CALC/Mmult_number_mult0001_Madd_cy<2>)
     MUXCY:CI->O           1   0.051   0.000  CALC/Mmult_number_mult0001_Madd_cy<3> (CALC/Mmult_number_mult0001_Madd_cy<3>)
     MUXCY:CI->O           1   0.051   0.000  CALC/Mmult_number_mult0001_Madd_cy<4> (CALC/Mmult_number_mult0001_Madd_cy<4>)
     MUXCY:CI->O           1   0.051   0.000  CALC/Mmult_number_mult0001_Madd_cy<5> (CALC/Mmult_number_mult0001_Madd_cy<5>)
     MUXCY:CI->O           1   0.051   0.000  CALC/Mmult_number_mult0001_Madd_cy<6> (CALC/Mmult_number_mult0001_Madd_cy<6>)
     MUXCY:CI->O           1   0.051   0.000  CALC/Mmult_number_mult0001_Madd_cy<7> (CALC/Mmult_number_mult0001_Madd_cy<7>)
     MUXCY:CI->O           1   0.051   0.000  CALC/Mmult_number_mult0001_Madd_cy<8> (CALC/Mmult_number_mult0001_Madd_cy<8>)
     MUXCY:CI->O           1   0.051   0.000  CALC/Mmult_number_mult0001_Madd_cy<9> (CALC/Mmult_number_mult0001_Madd_cy<9>)
     MUXCY:CI->O           1   0.051   0.000  CALC/Mmult_number_mult0001_Madd_cy<10> (CALC/Mmult_number_mult0001_Madd_cy<10>)
     MUXCY:CI->O           1   0.051   0.000  CALC/Mmult_number_mult0001_Madd_cy<11> (CALC/Mmult_number_mult0001_Madd_cy<11>)
     XORCY:CI->O           1   0.699   0.509  CALC/Mmult_number_mult0001_Madd_xor<12> (CALC/number_mult0001<12>)
     LUT1:I0->O            1   0.612   0.000  CALC/Madd_number_addsub0000_cy<12>_rt (CALC/Madd_number_addsub0000_cy<12>_rt)
     MUXCY:S->O            0   0.404   0.000  CALC/Madd_number_addsub0000_cy<12> (CALC/Madd_number_addsub0000_cy<12>)
     XORCY:CI->O           1   0.699   0.426  CALC/Madd_number_addsub0000_xor<13> (CALC/number_addsub0000<13>)
     LUT2:I1->O            1   0.612   0.000  CALC/number_mux0000<13>1 (CALC/number_mux0000<13>)
     FDCE:D                    0.268          CALC/number_13
    ----------------------------------------
    Total                      7.251ns (5.339ns logic, 1.912ns route)
                                       (73.6% logic, 26.4% route)

=========================================================================
Timing constraint: Default OFFSET OUT AFTER for Clock 'CLK1'
  Total number of paths / destination ports: 15678426 / 11
-------------------------------------------------------------------------
Offset:              19.457ns (Levels of Logic = 14)
  Source:            CALC/number_10 (FF)
  Destination:       seg<0> (PAD)
  Source Clock:      CLK1 rising

  Data Path: CALC/number_10 to seg<0>
                                Gate     Net
    Cell:in->out      fanout   Delay   Delay  Logical Name (Net Name)
    ----------------------------------------  ------------
     FDCE:C->Q             8   0.514   0.795  CALC/number_10 (CALC/number_10)
     LUT4:I0->O            4   0.612   0.651  BCD/m2/Mrom_out111 (BCD/c2<1>)
     LUT4:I0->O            4   0.612   0.651  BCD/m3/Mrom_out11 (BCD/c3<0>)
     LUT4:I0->O            4   0.612   0.651  BCD/m4/Mrom_out111 (BCD/c4<1>)
     LUT4:I0->O            4   0.612   0.651  BCD/m5/Mrom_out11 (BCD/c5<0>)
     LUT4:I0->O            4   0.612   0.651  BCD/m6/Mrom_out111 (BCD/c6<1>)
     LUT4:I0->O            4   0.612   0.651  BCD/m7/Mrom_out11 (BCD/c7<0>)
     LUT4:I0->O            4   0.612   0.651  BCD/m8/Mrom_out111 (BCD/c8<1>)
     LUT4:I0->O            4   0.612   0.651  BCD/m9/Mrom_out11 (BCD/c9<0>)
     LUT4:I0->O            4   0.612   0.651  BCD/m10/Mrom_out21 (BCD/c10<2>)
     LUT4:I0->O            1   0.612   0.387  BCD/m11/Mrom_out31 (text<4>)
     LUT3:I2->O            1   0.612   0.000  T/DISP_D/Mmux_val_4 (T/DISP_D/Mmux_val_4)
     MUXF5:I0->O           7   0.278   0.754  T/DISP_D/Mmux_val_2_f5 (T/zero_to_f_counter<0>)
     LUT4:I0->O            1   0.612   0.357  T/DISP_H/CA (seg_0_OBUF)
     OBUF:I->O                 3.169          seg_0_OBUF (seg<0>)
    ----------------------------------------
    Total                     19.457ns (11.305ns logic, 8.152ns route)
                                       (58.1% logic, 41.9% route)

=========================================================================
Timing constraint: Default OFFSET OUT AFTER for Clock 'Led_not0001'
  Total number of paths / destination ports: 8 / 8
-------------------------------------------------------------------------
Offset:              4.114ns (Levels of Logic = 1)
  Source:            Led_7 (LATCH)
  Destination:       Led<7> (PAD)
  Source Clock:      Led_not0001 falling

  Data Path: Led_7 to Led<7>
                                Gate     Net
    Cell:in->out      fanout   Delay   Delay  Logical Name (Net Name)
    ----------------------------------------  ------------
     LD:G->Q               1   0.588   0.357  Led_7 (Led_7)
     OBUF:I->O                 3.169          Led_7_OBUF (Led<7>)
    ----------------------------------------
    Total                      4.114ns (3.757ns logic, 0.357ns route)
                                       (91.3% logic, 8.7% route)

=========================================================================


Total REAL time to Xst completion: 10.00 secs
Total CPU time to Xst completion: 9.73 secs
 
--> 

Total memory usage is 154476 kilobytes

Number of errors   :    0 (   0 filtered)
Number of warnings :   14 (   0 filtered)
Number of infos    :    1 (   0 filtered)

