--------------------------------------------------------------------------------
Release 14.7 Trace  (nt)
Copyright (c) 1995-2013 Xilinx, Inc.  All rights reserved.

C:\Xilinx\14.7\ISE_DS\ISE\bin\nt\unwrapped\trce.exe -intstyle ise -v 3 -s 5 -n
3 -fastpaths -xml mux_top.twx mux_top.ncd -o mux_top.twr mux_top.pcf -ucf
board.ucf

Design file:              mux_top.ncd
Physical constraint file: mux_top.pcf
Device,package,speed:     xc3s100e,cp132,-5 (PRODUCTION 1.27 2013-10-13)
Report level:             verbose report

Environment Variable      Effect 
--------------------      ------ 
NONE                      No environment variables were set
--------------------------------------------------------------------------------

INFO:Timing:2698 - No timing constraints found, doing default enumeration.
INFO:Timing:3412 - To improve timing, see the Timing Closure User Guide (UG612).
INFO:Timing:2752 - To get complete path coverage, use the unconstrained paths 
   option. All paths that are not constrained will be reported in the 
   unconstrained paths section(s) of the report.
INFO:Timing:3339 - The clock-to-out numbers in this timing report are based on 
   a 50 Ohm transmission line loading model.  For the details of this model, 
   and for more information on accounting for different loading conditions, 
   please see the device datasheet.
INFO:Timing:3390 - This architecture does not support a default System Jitter 
   value, please add SYSTEM_JITTER constraint to the UCF to modify the Clock 
   Uncertainty calculation.
INFO:Timing:3389 - This architecture does not support 'Discrete Jitter' and 
   'Phase Error' calculations, these terms will be zero in the Clock 
   Uncertainty calculation.  Please make appropriate modification to 
   SYSTEM_JITTER to account for the unsupported Discrete Jitter and Phase 
   Error.



Data Sheet report:
-----------------
All values displayed in nanoseconds (ns)

Clock CLK1 to Pad
------------+------------+------------------+--------+
            | clk (edge) |                  | Clock  |
Destination |   to PAD   |Internal Clock(s) | Phase  |
------------+------------+------------------+--------+
Led<0>      |    8.015(R)|CLK1_BUFGP        |   0.000|
Led<1>      |    8.075(R)|CLK1_BUFGP        |   0.000|
Led<2>      |    8.008(R)|CLK1_BUFGP        |   0.000|
Led<3>      |    7.854(R)|CLK1_BUFGP        |   0.000|
Led<4>      |    8.466(R)|CLK1_BUFGP        |   0.000|
Led<5>      |    8.367(R)|CLK1_BUFGP        |   0.000|
an<0>       |    8.476(R)|CLK1_BUFGP        |   0.000|
an<2>       |    9.301(R)|CLK1_BUFGP        |   0.000|
an<3>       |    8.776(R)|CLK1_BUFGP        |   0.000|
seg<0>      |   14.212(R)|CLK1_BUFGP        |   0.000|
seg<1>      |   14.130(R)|CLK1_BUFGP        |   0.000|
seg<2>      |   14.755(R)|CLK1_BUFGP        |   0.000|
seg<3>      |   14.659(R)|CLK1_BUFGP        |   0.000|
seg<4>      |   14.654(R)|CLK1_BUFGP        |   0.000|
seg<5>      |   14.308(R)|CLK1_BUFGP        |   0.000|
seg<6>      |   14.369(R)|CLK1_BUFGP        |   0.000|
------------+------------+------------------+--------+

Clock to Setup on destination clock CLK1
---------------+---------+---------+---------+---------+
               | Src:Rise| Src:Fall| Src:Rise| Src:Fall|
Source Clock   |Dest:Rise|Dest:Rise|Dest:Fall|Dest:Fall|
---------------+---------+---------+---------+---------+
CLK1           |    4.821|         |         |         |
---------------+---------+---------+---------+---------+


Analysis completed Fri Mar 14 08:31:56 2014 
--------------------------------------------------------------------------------

Trace Settings:
-------------------------
Trace Settings 

Peak Memory Usage: 90 MB



