KCPSM3 Assembler log file for program 'prog_rom.psm'.
Generated by KCPSM3 version v2.10
Ken Chapman - Xilinx Ltd - 18th June 2012

Assembly datestamp: 17 Mar 2014
Assembly timestamp: 21:54:08

Last occupied address: 01A hex


 Addr Code                Instruction

 000                      ; prog_rom.psm
 000                      ; move data from input port 00 to register s0
 000                      ;INPUT s0,00
 000                      ; move data from register s0 to output 02
 000                      ;OUTPUT s0,02
 000                      ; loop
 000                      ;JUMP 000
 000                      ;
 000                      ;===
 000                      ; input and output port
 000                      CONSTANT INPUTPORT, 00
 000                      CONSTANT OUTPUTPORT_L, 01
 000                      CONSTANT OUTPUTPORT_H, 02
 000                      ;====
 000                      ; register alias
 000                      NAMEREG s0, indata
 000                      NAMEREG s1, scratch
 000                      NAMEREG s2, ans_l
 000                      NAMEREG s3, ans_h
 000                      ;====
 000                      ; main program
 000                loop: 
 000  00200               LOAD s2[ans_l], 00
 001  00300               LOAD s3[ans_h], 00
 002  30006               CALL 006[read_switch]
 003  3000B               CALL 00B[compute_sum]
 004  30008               CALL 008[display]
 005  34000               JUMP 000[loop]
 006         read_switch: 
 006  04000               INPUT s0[indata], 00[INPUTPORT]
 007  2A000               RETURN 
 008             display: 
 008  2C201               OUTPUT s2[ans_l], 01[OUTPUTPORT_L]
 009  2C302               OUTPUT s3[ans_h], 02[OUTPUTPORT_H]
 00A  2A000               RETURN 
 00B         compute_sum: 
 00B  01200               LOAD s2[ans_l], s0[indata]
 00C  01100               LOAD s1[scratch], s0[indata]
 00D  14000               COMPARE s0[indata], 00
 00E  35410               JUMP NZ, 010[start1]
 00F  2A000               RETURN 
 010              start1: 
 010  14001               COMPARE s0[indata], 01
 011  35413               JUMP NZ, 013[start]
 012  2A000               RETURN 
 013               start: 
 013  00200               LOAD s2[ans_l], 00
 014  00300               LOAD s3[ans_h], 00
 015               until: 
 015  19210               ADD s2[ans_l], s1[scratch]
 016  35C18               JUMP NC, 018[next]
 017  1A300               ADDCY s3[ans_h], 00
 018                next: 
 018  1C101               SUB s1[scratch], 01
 019  35415               JUMP NZ, 015[until]
 01A  2A000               RETURN 



List of defined constants

timestamp_hours = 21'd
timestamp_minutes = 54'd
timestamp_seconds = 08'd
datestamp_year = 14'd
datestamp_month = 3'd
datestamp_day = 17'd
INPUTPORT = 00
OUTPUTPORT_L = 01
OUTPUTPORT_H = 02



List of text strings

KCPSM3_version$ = "v2.10"
datestamp$ = "17 Mar 2014"
timestamp$ = "21:54:08"



End of KCPSM3 log file.
