--------------------------------------------------------------------------------
Release 14.7 Trace  (nt)
Copyright (c) 1995-2013 Xilinx, Inc.  All rights reserved.

C:\Xilinx\14.7\ISE_DS\ISE\bin\nt\unwrapped\trce.exe -intstyle ise -v 3 -s 5 -n
3 -fastpaths -xml sum.twx sum.ncd -o sum.twr sum.pcf -ucf board.ucf

Design file:              sum.ncd
Physical constraint file: sum.pcf
Device,package,speed:     xc3s100e,cp132,-5 (PRODUCTION 1.27 2013-10-13)
Report level:             verbose report

Environment Variable      Effect 
--------------------      ------ 
NONE                      No environment variables were set
--------------------------------------------------------------------------------

INFO:Timing:2698 - No timing constraints found, doing default enumeration.
INFO:Timing:3412 - To improve timing, see the Timing Closure User Guide (UG612).
INFO:Timing:2752 - To get complete path coverage, use the unconstrained paths 
   option. All paths that are not constrained will be reported in the 
   unconstrained paths section(s) of the report.
INFO:Timing:3339 - The clock-to-out numbers in this timing report are based on 
   a 50 Ohm transmission line loading model.  For the details of this model, 
   and for more information on accounting for different loading conditions, 
   please see the device datasheet.
INFO:Timing:3390 - This architecture does not support a default System Jitter 
   value, please add SYSTEM_JITTER constraint to the UCF to modify the Clock 
   Uncertainty calculation.
INFO:Timing:3389 - This architecture does not support 'Discrete Jitter' and 
   'Phase Error' calculations, these terms will be zero in the Clock 
   Uncertainty calculation.  Please make appropriate modification to 
   SYSTEM_JITTER to account for the unsupported Discrete Jitter and Phase 
   Error.



Data Sheet report:
-----------------
All values displayed in nanoseconds (ns)

Setup/Hold to clock CLK1
------------+------------+------------+------------------+--------+
            |Max Setup to|Max Hold to |                  | Clock  |
Source      | clk (edge) | clk (edge) |Internal Clock(s) | Phase  |
------------+------------+------------+------------------+--------+
arst        |    1.535(R)|    0.265(R)|CLK1_BUFGP        |   0.000|
sw<0>       |    3.953(R)|   -0.595(R)|CLK1_BUFGP        |   0.000|
sw<1>       |    4.257(R)|   -0.890(R)|CLK1_BUFGP        |   0.000|
sw<2>       |    3.674(R)|   -0.578(R)|CLK1_BUFGP        |   0.000|
sw<3>       |    4.849(R)|   -1.106(R)|CLK1_BUFGP        |   0.000|
sw<4>       |    3.124(R)|    0.027(R)|CLK1_BUFGP        |   0.000|
sw<5>       |    3.532(R)|    0.086(R)|CLK1_BUFGP        |   0.000|
sw<6>       |    2.961(R)|    0.053(R)|CLK1_BUFGP        |   0.000|
sw<7>       |    3.589(R)|   -0.468(R)|CLK1_BUFGP        |   0.000|
------------+------------+------------+------------------+--------+

Clock CLK1 to Pad
------------+------------+------------------+--------+
            | clk (edge) |                  | Clock  |
Destination |   to PAD   |Internal Clock(s) | Phase  |
------------+------------+------------------+--------+
an<0>       |    8.753(R)|CLK1_BUFGP        |   0.000|
an<1>       |    8.921(R)|CLK1_BUFGP        |   0.000|
an<2>       |    9.457(R)|CLK1_BUFGP        |   0.000|
an<3>       |    8.866(R)|CLK1_BUFGP        |   0.000|
seg<0>      |   34.418(R)|CLK1_BUFGP        |   0.000|
seg<1>      |   34.424(R)|CLK1_BUFGP        |   0.000|
seg<2>      |   34.479(R)|CLK1_BUFGP        |   0.000|
seg<3>      |   34.609(R)|CLK1_BUFGP        |   0.000|
seg<4>      |   34.245(R)|CLK1_BUFGP        |   0.000|
seg<5>      |   34.437(R)|CLK1_BUFGP        |   0.000|
seg<6>      |   34.644(R)|CLK1_BUFGP        |   0.000|
------------+------------+------------------+--------+

Clock to Setup on destination clock CLK1
---------------+---------+---------+---------+---------+
               | Src:Rise| Src:Fall| Src:Rise| Src:Fall|
Source Clock   |Dest:Rise|Dest:Rise|Dest:Fall|Dest:Fall|
---------------+---------+---------+---------+---------+
CLK1           |    7.339|         |         |         |
---------------+---------+---------+---------+---------+

Pad to Pad
---------------+---------------+---------+
Source Pad     |Destination Pad|  Delay  |
---------------+---------------+---------+
sw<0>          |Led<0>         |    4.865|
sw<1>          |Led<1>         |    5.610|
sw<2>          |Led<2>         |    5.241|
sw<3>          |Led<3>         |    6.632|
sw<4>          |Led<4>         |    5.721|
sw<5>          |Led<5>         |    5.665|
sw<6>          |Led<6>         |    6.078|
sw<7>          |Led<7>         |    5.900|
---------------+---------------+---------+


Analysis completed Mon Mar 17 21:55:24 2014 
--------------------------------------------------------------------------------

Trace Settings:
-------------------------
Trace Settings 

Peak Memory Usage: 93 MB



