KCPSM3 Assembler log file for program 'prog_rom.psm'.
Generated by KCPSM3 version v2.10
Ken Chapman - Xilinx Ltd - 18th June 2012

Assembly datestamp: 16 Mar 2014
Assembly timestamp: 19:58:12

Last occupied address: 002 hex


 Addr Code     Instruction

 000           ; prog_rom.psm
 000           ; move data from input port 00 to register s0
 000  04000    INPUT s0, 00
 001           ; move data from register s0 to output 02
 001  2C002    OUTPUT s0, 02
 002           ; loop
 002  34000    JUMP 000



List of defined constants

timestamp_hours = 19'd
timestamp_minutes = 58'd
timestamp_seconds = 12'd
datestamp_year = 14'd
datestamp_month = 3'd
datestamp_day = 16'd



List of text strings

KCPSM3_version$ = "v2.10"
datestamp$ = "16 Mar 2014"
timestamp$ = "19:58:12"



End of KCPSM3 log file.
