#-----------------------------------------------------------
# PlanAhead v14.7 (64-bit)
# Build 321239 by xbuild on Fri Sep 27 19:29:51 MDT 2013
# Start of session at: Mon Jan 27 19:49:57 2014
# Process ID: 2588
# Log file: C:/Users/dalsook/FPGA/xor3gate/planAhead_run_2/planAhead.log
# Journal file: C:/Users/dalsook/FPGA/xor3gate/planAhead_run_2/planAhead.jou
#-----------------------------------------------------------
INFO: [Common 17-78] Attempting to get a license: PlanAhead
INFO: [Common 17-290] Got license for PlanAhead
INFO: [Device 21-36] Loading parts and site information from C:/Xilinx/14.7/ISE_DS/PlanAhead/data/parts/arch.xml
Parsing RTL primitives file [C:/Xilinx/14.7/ISE_DS/PlanAhead/data/parts/xilinx/rtl/prims/rtl_prims.xml]
Finished parsing RTL primitives file [C:/Xilinx/14.7/ISE_DS/PlanAhead/data/parts/xilinx/rtl/prims/rtl_prims.xml]
start_gui
source C:/Users/dalsook/FPGA/xor3gate/pa.fromNetlist.tcl
# create_project -name xor3gate -dir "C:/Users/dalsook/FPGA/xor3gate/planAhead_run_3" -part xc3s100ecp132-5
create_project: Time (s): elapsed = 00:00:08 . Memory (MB): peak = 414.297 ; gain = 52.832
INFO: [Common 17-41] Interrupt caught. Command should exit soon.
INFO: [Common 17-344] 'current_run' was cancelled
INFO: [Common 17-344] 'source' was cancelled
exit
ERROR: [PlanAhead 12-106] *** Exception: ui.h.b: Found deleted key in HTclEventBroker. Verify if the classes listed here call cleanup()
HTclEvent: SIGNAL_MODIFY   Classes: ui.views.aR 
HTclEvent: DEBUG_CORE_CONFIG_CHANGE   Classes: ui.views.aR 
HTclEvent: DEBUG_PORT_CONFIG_CHANGE   Classes: ui.views.aR 
HTclEvent: SIGNAL_BUS_MODIFY   Classes: ui.views.aR 
 (See C:/Users/dalsook/FPGA/xor3gate\planAhead_pid2588.debug)
ERROR: [Common 17-39] 'stop_gui' failed due to earlier errors.
INFO: [Common 17-206] Exiting PlanAhead at Mon Jan 27 19:50:44 2014...
INFO: [Common 17-83] Releasing license: PlanAhead
