--------------------------------------------------------------------------------
Release 14.7 Trace  (nt64)
Copyright (c) 1995-2013 Xilinx, Inc.  All rights reserved.

C:\Xilinx\14.7\ISE_DS\ISE\bin\nt64\unwrapped\trce.exe -intstyle ise -v 3 -s 5
-n 3 -fastpaths -xml s3_hex2_7seg.twx s3_hex2_7seg.ncd -o s3_hex2_7seg.twr
s3_hex2_7seg.pcf

Design file:              s3_hex2_7seg.ncd
Physical constraint file: s3_hex2_7seg.pcf
Device,package,speed:     xc3s100e,cp132,-5 (PRODUCTION 1.27 2013-10-13)
Report level:             verbose report

Environment Variable      Effect 
--------------------      ------ 
NONE                      No environment variables were set
--------------------------------------------------------------------------------

INFO:Timing:2698 - No timing constraints found, doing default enumeration.
INFO:Timing:3412 - To improve timing, see the Timing Closure User Guide (UG612).
INFO:Timing:2752 - To get complete path coverage, use the unconstrained paths 
   option. All paths that are not constrained will be reported in the 
   unconstrained paths section(s) of the report.
INFO:Timing:3339 - The clock-to-out numbers in this timing report are based on 
   a 50 Ohm transmission line loading model.  For the details of this model, 
   and for more information on accounting for different loading conditions, 
   please see the device datasheet.
INFO:Timing:3390 - This architecture does not support a default System Jitter 
   value, please add SYSTEM_JITTER constraint to the UCF to modify the Clock 
   Uncertainty calculation.
INFO:Timing:3389 - This architecture does not support 'Discrete Jitter' and 
   'Phase Error' calculations, these terms will be zero in the Clock 
   Uncertainty calculation.  Please make appropriate modification to 
   SYSTEM_JITTER to account for the unsupported Discrete Jitter and Phase 
   Error.



Data Sheet report:
-----------------
All values displayed in nanoseconds (ns)

Pad to Pad
---------------+---------------+---------+
Source Pad     |Destination Pad|  Delay  |
---------------+---------------+---------+
sw<0>          |seg<0>         |    6.269|
sw<0>          |seg<1>         |    6.691|
sw<0>          |seg<2>         |    6.972|
sw<0>          |seg<3>         |    6.582|
sw<0>          |seg<4>         |    6.492|
sw<0>          |seg<5>         |    6.726|
sw<0>          |seg<6>         |    6.518|
sw<1>          |seg<0>         |    7.008|
sw<1>          |seg<1>         |    7.464|
sw<1>          |seg<2>         |    9.052|
sw<1>          |seg<3>         |    8.656|
sw<1>          |seg<4>         |    8.429|
sw<1>          |seg<5>         |    8.641|
sw<1>          |seg<6>         |    8.455|
sw<2>          |seg<0>         |    6.770|
sw<2>          |seg<1>         |    7.170|
sw<2>          |seg<2>         |    7.073|
sw<2>          |seg<3>         |    6.733|
sw<2>          |seg<4>         |    6.498|
sw<2>          |seg<5>         |    6.766|
sw<2>          |seg<6>         |    6.524|
sw<3>          |seg<0>         |    7.346|
sw<3>          |seg<1>         |    7.797|
sw<3>          |seg<2>         |    8.060|
sw<3>          |seg<3>         |    7.697|
sw<3>          |seg<4>         |    7.618|
sw<3>          |seg<5>         |    7.881|
sw<3>          |seg<6>         |    7.644|
---------------+---------------+---------+


Analysis completed Mon Feb 03 19:21:47 2014 
--------------------------------------------------------------------------------

Trace Settings:
-------------------------
Trace Settings 

Peak Memory Usage: 149 MB



